#
# A fatal error has been detected by the Java Runtime Environment:
#
#  Internal Error (javaClasses.cpp:129), pid=7008, tid=7132
#  fatal error: Invalid layout of preloaded class
#
# JRE version: 7.0_15-b03
# Java VM: Java HotSpot(TM) 64-Bit Server VM (23.7-b01 mixed mode windows-amd64 compressed oops)
# Failed to write core dump. Minidumps are not enabled by default on client versions of Windows
#
# If you would like to submit a bug report, please visit:
#   http://bugreport.sun.com/bugreport/crash.jsp
#

---------------  T H R E A D  ---------------

Current thread (0x0000000002b1e000):  JavaThread "Unknown thread" [_thread_in_vm, id=7132, stack(0x0000000002eb0000,0x0000000002fb0000)]

Stack: [0x0000000002eb0000,0x0000000002fb0000]

---------------  P R O C E S S  ---------------

Java Threads: ( => current thread )

Other Threads:

=>0x0000000002b1e000 (exited) JavaThread "Unknown thread" [_thread_in_vm, id=7132, stack(0x0000000002eb0000,0x0000000002fb0000)]

VM state:not at safepoint (not fully initialized)

VM Mutex/Monitor currently owned by a thread: None

GC Heap History (0 events):
No events

Deoptimization events (0 events):
No events

Internal exceptions (0 events):
No events

Events (10 events):
Event: 0.019 loading class 0x0000000002fc2690 done
Event: 0.019 loading class 0x0000000002fc1fd0 done
Event: 0.019 loading class 0x0000000002fc2150
Event: 0.019 loading class 0x0000000003001ec0
Event: 0.019 loading class 0x0000000003001ec0 done
Event: 0.019 loading class 0x0000000003001100
Event: 0.019 loading class 0x0000000003001100 done
Event: 0.019 loading class 0x000000000304fa40
Event: 0.019 loading class 0x000000000304fa40 done
Event: 0.020 loading class 0x0000000002fc2150 done


Dynamic libraries:
0x000007f718790000 - 0x000007f7187c3000 	C:\Program Files\Java\jre7\bin\javaw.exe
0x000007ff28f60000 - 0x000007ff29120000 	C:\windows\SYSTEM32\ntdll.dll
0x000007ff263b0000 - 0x000007ff264e7000 	C:\windows\system32\KERNEL32.DLL
0x000007ff25f90000 - 0x000007ff26084000 	C:\windows\system32\KERNELBASE.dll
0x000007ff27660000 - 0x000007ff2773e000 	C:\windows\system32\ADVAPI32.dll
0x000007ff26790000 - 0x000007ff268dc000 	C:\windows\system32\USER32.dll
0x000007ff22300000 - 0x000007ff2256a000 	C:\windows\WinSxS\amd64_microsoft.windows.common-controls_6595b64144ccf1df_6.0.9200.16579_none_418ab7ef718b27ef\COMCTL32.dll
0x000007ff28eb0000 - 0x000007ff28f55000 	C:\windows\system32\msvcrt.dll
0x000007ff27740000 - 0x000007ff27788000 	C:\windows\SYSTEM32\sechost.dll
0x000007ff26be0000 - 0x000007ff26d25000 	C:\windows\system32\RPCRT4.dll
0x000007ff27850000 - 0x000007ff27991000 	C:\windows\system32\GDI32.dll
0x000007ff26f60000 - 0x000007ff26f99000 	C:\windows\system32\IMM32.DLL
0x000007ff271f0000 - 0x000007ff27306000 	C:\windows\system32\MSCTF.dll
0x0000000056540000 - 0x0000000056611000 	C:\Program Files\Java\jre7\bin\msvcr100.dll
0x0000000056bc0000 - 0x00000000572df000 	C:\Program Files\Java\jre7\bin\server\jvm.dll
0x000007ff22a00000 - 0x000007ff22a09000 	C:\windows\SYSTEM32\WSOCK32.dll
0x000007ff22910000 - 0x000007ff22930000 	C:\windows\SYSTEM32\WINMM.dll
0x000007ff271e0000 - 0x000007ff271e7000 	C:\windows\system32\PSAPI.DLL
0x000007ff26350000 - 0x000007ff263a8000 	C:\windows\system32\WS2_32.dll
0x000007ff228d0000 - 0x000007ff22903000 	C:\windows\SYSTEM32\WINMMBASE.dll
0x000007ff27830000 - 0x000007ff27839000 	C:\windows\system32\NSI.dll
0x000007ff26090000 - 0x000007ff260df000 	C:\windows\SYSTEM32\cfgmgr32.dll
0x000007ff260e0000 - 0x000007ff26102000 	C:\windows\system32\DEVOBJ.dll
0x0000000057530000 - 0x000000005753f000 	C:\Program Files\Java\jre7\bin\verify.dll
0x0000000057500000 - 0x0000000057528000 	C:\Program Files\Java\jre7\bin\java.dll
0x00000000574e0000 - 0x00000000574f5000 	C:\Program Files\Java\jre7\bin\zip.dll

VM Arguments:
jvm_args: -Dfile.encoding=GBK -Xbootclasspath:E:\adt-bundle-windows-x86_64-20140321\sdk\platforms\android-19\android.jar 
java_command: com.satansin.android.compath.util.SocketMessageAnalyzer
Launcher Type: SUN_STANDARD

Environment Variables:
JAVA_HOME=C:\Program Files\Java\jdk1.7.0_15
CLASSPATH=.;C:\Program Files\Java\jdk1.7.0_15\lib\tools.jar;C:\Program Files\Java\jdk1.7.0_15\lib\dt.jar;
PATH=C:\Program Files (x86)\PHP\;C:\Program Files (x86)\AMD APP\bin\x86_64;C:\Program Files (x86)\AMD APP\bin\x86;C:\windows\system32;C:\windows;C:\windows\System32\Wbem;C:\windows\System32\WindowsPowerShell\v1.0\;C:\Program Files (x86)\ATI Technologies\ATI.ACE\Core-Static;C:\Program Files (x86)\Intel\OpenCL SDK\2.0\bin\x86;C:\Program Files (x86)\Intel\OpenCL SDK\2.0\bin\x64;C:\Program Files\Java\jdk1.7.0_15\bin;C:\Program Files (x86)\Intel\OpenCL SDK\2.0\bin\x86;C:\Program Files (x86)\Intel\OpenCL SDK\2.0\bin\x64;C:\Program Files (x86)\Intel\OpenCL SDK\2.0\bin\x86;C:\Program Files (x86)\Intel\OpenCL SDK\2.0\bin\x64;c:\Program Files (x86)\Microsoft SQL Server\100\Tools\Binn\;c:\Program Files\Microsoft SQL Server\100\Tools\Binn\;c:\Program Files\Microsoft SQL Server\100\DTS\Binn\;C:\Program Files\TortoiseSVN\bin;C:\MinGW\bin
USERNAME=ºÆ
OS=Windows_NT
PROCESSOR_IDENTIFIER=Intel64 Family 6 Model 42 Stepping 7, GenuineIntel



---------------  S Y S T E M  ---------------

OS: Windows 8 , 64 bit Build 9200 

CPU:total 4 (2 cores per cpu, 2 threads per core) family 6 model 42 stepping 7, cmov, cx8, fxsr, mmx, sse, sse2, sse3, ssse3, sse4.1, sse4.2, popcnt, avx, ht, tsc, tscinvbit

Memory: 4k page, physical 4042604k(1095348k free), swap 9023340k(3800860k free)

vm_info: Java HotSpot(TM) 64-Bit Server VM (23.7-b01) for windows-amd64 JRE (1.7.0_15-b03), built on Feb 15 2013 13:43:57 by "java_re" with unknown MS VC++:1600

time: Tue Jun 03 20:12:03 2014
elapsed time: 0 seconds

